<?xml version="1.0" encoding="UTF-8"?>
<testng-results ignored="0" total="26" passed="24" failed="2" skipped="0">
  <reporter-output>
  </reporter-output>
  <suite started-at="2024-09-23T18:42:16 IST" name="Suite" finished-at="2024-09-23T18:44:53 IST" duration-ms="156637">
    <groups>
    </groups>
    <test started-at="2024-09-23T18:42:16 IST" name="Test" finished-at="2024-09-23T18:44:53 IST" duration-ms="156637">
      <class name="TestCase.HomePageBar">
        <test-method is-config="true" signature="setUp()[pri:0, instance:TestCase.HomePageBar@26d9b808]" started-at="2024-09-23T18:42:16 IST" name="setUp" finished-at="2024-09-23T18:42:21 IST" duration-ms="4688" status="PASS">
          <reporter-output>
          </reporter-output>
        </test-method> <!-- setUp -->
        <test-method signature="TestCase_001()[pri:0, instance:TestCase.HomePageBar@26d9b808]" started-at="2024-09-23T18:42:21 IST" name="TestCase_001" finished-at="2024-09-23T18:42:23 IST" duration-ms="2000" status="PASS">
          <reporter-output>
          </reporter-output>
        </test-method> <!-- TestCase_001 -->
        <test-method is-config="true" signature="TearDown()[pri:0, instance:TestCase.HomePageBar@26d9b808]" started-at="2024-09-23T18:42:23 IST" name="TearDown" finished-at="2024-09-23T18:42:24 IST" duration-ms="372" status="PASS">
          <reporter-output>
          </reporter-output>
        </test-method> <!-- TearDown -->
        <test-method is-config="true" signature="setUp()[pri:0, instance:TestCase.HomePageBar@26d9b808]" started-at="2024-09-23T18:42:24 IST" name="setUp" finished-at="2024-09-23T18:42:26 IST" duration-ms="2256" status="PASS">
          <reporter-output>
          </reporter-output>
        </test-method> <!-- setUp -->
        <test-method signature="TestCase_002()[pri:0, instance:TestCase.HomePageBar@26d9b808]" started-at="2024-09-23T18:42:26 IST" name="TestCase_002" finished-at="2024-09-23T18:42:28 IST" duration-ms="1797" status="PASS">
          <reporter-output>
          </reporter-output>
        </test-method> <!-- TestCase_002 -->
        <test-method is-config="true" signature="TearDown()[pri:0, instance:TestCase.HomePageBar@26d9b808]" started-at="2024-09-23T18:42:28 IST" name="TearDown" finished-at="2024-09-23T18:42:28 IST" duration-ms="330" status="PASS">
          <reporter-output>
          </reporter-output>
        </test-method> <!-- TearDown -->
        <test-method is-config="true" signature="setUp()[pri:0, instance:TestCase.HomePageBar@26d9b808]" started-at="2024-09-23T18:42:28 IST" name="setUp" finished-at="2024-09-23T18:42:30 IST" duration-ms="2211" status="PASS">
          <reporter-output>
          </reporter-output>
        </test-method> <!-- setUp -->
        <test-method signature="TestCase_003()[pri:0, instance:TestCase.HomePageBar@26d9b808]" started-at="2024-09-23T18:42:30 IST" name="TestCase_003" finished-at="2024-09-23T18:42:33 IST" duration-ms="2991" status="PASS">
          <reporter-output>
          </reporter-output>
        </test-method> <!-- TestCase_003 -->
        <test-method is-config="true" signature="TearDown()[pri:0, instance:TestCase.HomePageBar@26d9b808]" started-at="2024-09-23T18:42:33 IST" name="TearDown" finished-at="2024-09-23T18:42:33 IST" duration-ms="305" status="PASS">
          <reporter-output>
          </reporter-output>
        </test-method> <!-- TearDown -->
        <test-method is-config="true" signature="setUp()[pri:0, instance:TestCase.HomePageBar@26d9b808]" started-at="2024-09-23T18:42:33 IST" name="setUp" finished-at="2024-09-23T18:42:36 IST" duration-ms="2867" status="PASS">
          <reporter-output>
          </reporter-output>
        </test-method> <!-- setUp -->
        <test-method signature="TestCase_004()[pri:0, instance:TestCase.HomePageBar@26d9b808]" started-at="2024-09-23T18:42:36 IST" name="TestCase_004" finished-at="2024-09-23T18:42:49 IST" duration-ms="12706" status="PASS">
          <reporter-output>
          </reporter-output>
        </test-method> <!-- TestCase_004 -->
        <test-method is-config="true" signature="TearDown()[pri:0, instance:TestCase.HomePageBar@26d9b808]" started-at="2024-09-23T18:42:49 IST" name="TearDown" finished-at="2024-09-23T18:42:50 IST" duration-ms="1301" status="PASS">
          <reporter-output>
          </reporter-output>
        </test-method> <!-- TearDown -->
        <test-method is-config="true" signature="setUp()[pri:0, instance:TestCase.HomePageBar@26d9b808]" started-at="2024-09-23T18:42:50 IST" name="setUp" finished-at="2024-09-23T18:42:53 IST" duration-ms="2556" status="PASS">
          <reporter-output>
          </reporter-output>
        </test-method> <!-- setUp -->
        <test-method signature="TestCase_005()[pri:0, instance:TestCase.HomePageBar@26d9b808]" started-at="2024-09-23T18:42:53 IST" name="TestCase_005" finished-at="2024-09-23T18:42:56 IST" duration-ms="2880" status="PASS">
          <reporter-output>
          </reporter-output>
        </test-method> <!-- TestCase_005 -->
        <test-method is-config="true" signature="TearDown()[pri:0, instance:TestCase.HomePageBar@26d9b808]" started-at="2024-09-23T18:42:56 IST" name="TearDown" finished-at="2024-09-23T18:42:56 IST" duration-ms="324" status="PASS">
          <reporter-output>
          </reporter-output>
        </test-method> <!-- TearDown -->
        <test-method is-config="true" signature="setUp()[pri:0, instance:TestCase.HomePageBar@26d9b808]" started-at="2024-09-23T18:42:56 IST" name="setUp" finished-at="2024-09-23T18:42:58 IST" duration-ms="2147" status="PASS">
          <reporter-output>
          </reporter-output>
        </test-method> <!-- setUp -->
        <test-method signature="TestCase_006()[pri:0, instance:TestCase.HomePageBar@26d9b808]" started-at="2024-09-23T18:42:58 IST" name="TestCase_006" finished-at="2024-09-23T18:43:01 IST" duration-ms="2952" status="PASS">
          <reporter-output>
          </reporter-output>
        </test-method> <!-- TestCase_006 -->
        <test-method is-config="true" signature="TearDown()[pri:0, instance:TestCase.HomePageBar@26d9b808]" started-at="2024-09-23T18:43:01 IST" name="TearDown" finished-at="2024-09-23T18:43:01 IST" duration-ms="312" status="PASS">
          <reporter-output>
          </reporter-output>
        </test-method> <!-- TearDown -->
        <test-method is-config="true" signature="setUp()[pri:0, instance:TestCase.HomePageBar@26d9b808]" started-at="2024-09-23T18:43:01 IST" name="setUp" finished-at="2024-09-23T18:43:06 IST" duration-ms="4882" status="PASS">
          <reporter-output>
          </reporter-output>
        </test-method> <!-- setUp -->
        <test-method signature="TestCase_007()[pri:0, instance:TestCase.HomePageBar@26d9b808]" started-at="2024-09-23T18:43:06 IST" name="TestCase_007" finished-at="2024-09-23T18:43:08 IST" duration-ms="1687" status="PASS">
          <reporter-output>
          </reporter-output>
        </test-method> <!-- TestCase_007 -->
        <test-method is-config="true" signature="TearDown()[pri:0, instance:TestCase.HomePageBar@26d9b808]" started-at="2024-09-23T18:43:08 IST" name="TearDown" finished-at="2024-09-23T18:43:08 IST" duration-ms="302" status="PASS">
          <reporter-output>
          </reporter-output>
        </test-method> <!-- TearDown -->
      </class> <!-- TestCase.HomePageBar -->
      <class name="TestCase.Login">
        <test-method is-config="true" signature="setUp()[pri:0, instance:TestCase.Login@196a42c3]" started-at="2024-09-23T18:43:08 IST" name="setUp" finished-at="2024-09-23T18:43:10 IST" duration-ms="1688" status="PASS">
          <reporter-output>
          </reporter-output>
        </test-method> <!-- setUp -->
        <test-method signature="TestCase_001()[pri:0, instance:TestCase.Login@196a42c3]" started-at="2024-09-23T18:43:10 IST" name="TestCase_001" finished-at="2024-09-23T18:43:12 IST" duration-ms="2384" status="PASS">
          <reporter-output>
          </reporter-output>
        </test-method> <!-- TestCase_001 -->
        <test-method is-config="true" signature="TearDown()[pri:0, instance:TestCase.Login@196a42c3]" started-at="2024-09-23T18:43:12 IST" name="TearDown" finished-at="2024-09-23T18:43:13 IST" duration-ms="294" status="PASS">
          <reporter-output>
          </reporter-output>
        </test-method> <!-- TearDown -->
        <test-method is-config="true" signature="setUp()[pri:0, instance:TestCase.Login@196a42c3]" started-at="2024-09-23T18:43:13 IST" name="setUp" finished-at="2024-09-23T18:43:16 IST" duration-ms="3126" status="PASS">
          <reporter-output>
          </reporter-output>
        </test-method> <!-- setUp -->
        <test-method signature="TestCase_002()[pri:0, instance:TestCase.Login@196a42c3]" started-at="2024-09-23T18:43:16 IST" name="TestCase_002" finished-at="2024-09-23T18:43:17 IST" duration-ms="1545" status="PASS">
          <reporter-output>
          </reporter-output>
        </test-method> <!-- TestCase_002 -->
        <test-method is-config="true" signature="TearDown()[pri:0, instance:TestCase.Login@196a42c3]" started-at="2024-09-23T18:43:17 IST" name="TearDown" finished-at="2024-09-23T18:43:18 IST" duration-ms="358" status="PASS">
          <reporter-output>
          </reporter-output>
        </test-method> <!-- TearDown -->
        <test-method is-config="true" signature="setUp()[pri:0, instance:TestCase.Login@196a42c3]" started-at="2024-09-23T18:43:18 IST" name="setUp" finished-at="2024-09-23T18:43:20 IST" duration-ms="2307" status="PASS">
          <reporter-output>
          </reporter-output>
        </test-method> <!-- setUp -->
        <test-method signature="TestCase_003()[pri:0, instance:TestCase.Login@196a42c3]" started-at="2024-09-23T18:43:20 IST" name="TestCase_003" finished-at="2024-09-23T18:43:22 IST" duration-ms="1581" status="PASS">
          <reporter-output>
          </reporter-output>
        </test-method> <!-- TestCase_003 -->
        <test-method is-config="true" signature="TearDown()[pri:0, instance:TestCase.Login@196a42c3]" started-at="2024-09-23T18:43:22 IST" name="TearDown" finished-at="2024-09-23T18:43:22 IST" duration-ms="284" status="PASS">
          <reporter-output>
          </reporter-output>
        </test-method> <!-- TearDown -->
        <test-method is-config="true" signature="setUp()[pri:0, instance:TestCase.Login@196a42c3]" started-at="2024-09-23T18:43:22 IST" name="setUp" finished-at="2024-09-23T18:43:26 IST" duration-ms="3713" status="PASS">
          <reporter-output>
          </reporter-output>
        </test-method> <!-- setUp -->
        <test-method signature="TestCase_004()[pri:0, instance:TestCase.Login@196a42c3]" started-at="2024-09-23T18:43:26 IST" name="TestCase_004" finished-at="2024-09-23T18:43:27 IST" duration-ms="1502" status="PASS">
          <reporter-output>
          </reporter-output>
        </test-method> <!-- TestCase_004 -->
        <test-method is-config="true" signature="TearDown()[pri:0, instance:TestCase.Login@196a42c3]" started-at="2024-09-23T18:43:27 IST" name="TearDown" finished-at="2024-09-23T18:43:28 IST" duration-ms="437" status="PASS">
          <reporter-output>
          </reporter-output>
        </test-method> <!-- TearDown -->
        <test-method is-config="true" signature="setUp()[pri:0, instance:TestCase.Login@196a42c3]" started-at="2024-09-23T18:43:28 IST" name="setUp" finished-at="2024-09-23T18:43:31 IST" duration-ms="3285" status="PASS">
          <reporter-output>
          </reporter-output>
        </test-method> <!-- setUp -->
        <test-method signature="TestCase_005()[pri:0, instance:TestCase.Login@196a42c3]" started-at="2024-09-23T18:43:31 IST" name="TestCase_005" finished-at="2024-09-23T18:43:32 IST" duration-ms="1536" status="FAIL">
          <exception class="org.openqa.selenium.NoSuchElementException">
            <message>
              <![CDATA[no such element: Unable to locate element: {"method":"xpath","selector":"//span[@class ='title']"}
  (Session info: chrome=128.0.6613.120)
For documentation on this error, please visit: https://www.selenium.dev/documentation/webdriver/troubleshooting/errors#no-such-element-exception
Build info: version: '4.23.0', revision: '4df0a231af'
System info: os.name: 'Windows 10', os.arch: 'amd64', os.version: '10.0', java.version: '22.0.2'
Driver info: org.openqa.selenium.chrome.ChromeDriver
Command: [7d87c6db2bd3e476d83381fd8863f079, findElement {using=xpath, value=//span[@class ='title']}]
Capabilities {acceptInsecureCerts: false, browserName: chrome, browserVersion: 128.0.6613.120, chrome: {chromedriverVersion: 128.0.6613.137 (fe621c5aa2d..., userDataDir: C:\Users\HP\AppData\Local\T...}, fedcm:accounts: true, goog:chromeOptions: {debuggerAddress: localhost:50815}, networkConnectionEnabled: false, pageLoadStrategy: normal, platformName: windows, proxy: Proxy(), se:cdp: ws://localhost:50815/devtoo..., se:cdpVersion: 128.0.6613.120, setWindowRect: true, strictFileInteractability: false, timeouts: {implicit: 0, pageLoad: 300000, script: 30000}, unhandledPromptBehavior: dismiss and notify, webauthn:extension:credBlob: true, webauthn:extension:largeBlob: true, webauthn:extension:minPinLength: true, webauthn:extension:prf: true, webauthn:virtualAuthenticators: true}
Session ID: 7d87c6db2bd3e476d83381fd8863f079]]>
            </message>
            <full-stacktrace>
              <![CDATA[org.openqa.selenium.NoSuchElementException: no such element: Unable to locate element: {"method":"xpath","selector":"//span[@class ='title']"}
  (Session info: chrome=128.0.6613.120)
For documentation on this error, please visit: https://www.selenium.dev/documentation/webdriver/troubleshooting/errors#no-such-element-exception
Build info: version: '4.23.0', revision: '4df0a231af'
System info: os.name: 'Windows 10', os.arch: 'amd64', os.version: '10.0', java.version: '22.0.2'
Driver info: org.openqa.selenium.chrome.ChromeDriver
Command: [7d87c6db2bd3e476d83381fd8863f079, findElement {using=xpath, value=//span[@class ='title']}]
Capabilities {acceptInsecureCerts: false, browserName: chrome, browserVersion: 128.0.6613.120, chrome: {chromedriverVersion: 128.0.6613.137 (fe621c5aa2d..., userDataDir: C:\Users\HP\AppData\Local\T...}, fedcm:accounts: true, goog:chromeOptions: {debuggerAddress: localhost:50815}, networkConnectionEnabled: false, pageLoadStrategy: normal, platformName: windows, proxy: Proxy(), se:cdp: ws://localhost:50815/devtoo..., se:cdpVersion: 128.0.6613.120, setWindowRect: true, strictFileInteractability: false, timeouts: {implicit: 0, pageLoad: 300000, script: 30000}, unhandledPromptBehavior: dismiss and notify, webauthn:extension:credBlob: true, webauthn:extension:largeBlob: true, webauthn:extension:minPinLength: true, webauthn:extension:prf: true, webauthn:virtualAuthenticators: true}
Session ID: 7d87c6db2bd3e476d83381fd8863f079
at java.base/jdk.internal.reflect.DirectConstructorHandleAccessor.newInstance(DirectConstructorHandleAccessor.java:62)
at java.base/java.lang.reflect.Constructor.newInstanceWithCaller(Constructor.java:502)
at java.base/java.lang.reflect.Constructor.newInstance(Constructor.java:486)
at org.openqa.selenium.remote.ErrorCodec.decode(ErrorCodec.java:167)
at org.openqa.selenium.remote.codec.w3c.W3CHttpResponseCodec.decode(W3CHttpResponseCodec.java:138)
at org.openqa.selenium.remote.codec.w3c.W3CHttpResponseCodec.decode(W3CHttpResponseCodec.java:50)
at org.openqa.selenium.remote.HttpCommandExecutor.execute(HttpCommandExecutor.java:190)
at org.openqa.selenium.remote.service.DriverCommandExecutor.invokeExecute(DriverCommandExecutor.java:216)
at org.openqa.selenium.remote.service.DriverCommandExecutor.execute(DriverCommandExecutor.java:174)
at org.openqa.selenium.remote.RemoteWebDriver.execute(RemoteWebDriver.java:527)
at org.openqa.selenium.remote.ElementLocation$ElementFinder$2.findElement(ElementLocation.java:165)
at org.openqa.selenium.remote.ElementLocation.findElement(ElementLocation.java:59)
at org.openqa.selenium.remote.RemoteWebDriver.findElement(RemoteWebDriver.java:357)
at org.openqa.selenium.remote.RemoteWebDriver.findElement(RemoteWebDriver.java:351)
at PageObjectModel.LoginPage.GetProductText(LoginPage.java:22)
at TestCase.Login.TestCase_005(Login.java:79)
at java.base/jdk.internal.reflect.DirectMethodHandleAccessor.invoke(DirectMethodHandleAccessor.java:103)
at java.base/java.lang.reflect.Method.invoke(Method.java:580)
at org.testng.internal.invokers.MethodInvocationHelper.invokeMethod(MethodInvocationHelper.java:141)
at org.testng.internal.invokers.TestInvoker.invokeMethod(TestInvoker.java:686)
at org.testng.internal.invokers.TestInvoker.invokeTestMethod(TestInvoker.java:230)
at org.testng.internal.invokers.MethodRunner.runInSequence(MethodRunner.java:63)
at org.testng.internal.invokers.TestInvoker$MethodInvocationAgent.invoke(TestInvoker.java:992)
at org.testng.internal.invokers.TestInvoker.invokeTestMethods(TestInvoker.java:203)
at org.testng.internal.invokers.TestMethodWorker.invokeTestMethods(TestMethodWorker.java:154)
at org.testng.internal.invokers.TestMethodWorker.run(TestMethodWorker.java:134)
at java.base/java.util.ArrayList.forEach(ArrayList.java:1597)
at org.testng.TestRunner.privateRun(TestRunner.java:739)
at org.testng.TestRunner.run(TestRunner.java:614)
at org.testng.SuiteRunner.runTest(SuiteRunner.java:421)
at org.testng.SuiteRunner.runSequentially(SuiteRunner.java:413)
at org.testng.SuiteRunner.privateRun(SuiteRunner.java:373)
at org.testng.SuiteRunner.run(SuiteRunner.java:312)
at org.testng.SuiteRunnerWorker.runSuite(SuiteRunnerWorker.java:52)
at org.testng.SuiteRunnerWorker.run(SuiteRunnerWorker.java:95)
at org.testng.TestNG.runSuitesSequentially(TestNG.java:1274)
at org.testng.TestNG.runSuitesLocally(TestNG.java:1208)
at org.testng.TestNG.runSuites(TestNG.java:1112)
at org.testng.TestNG.run(TestNG.java:1079)
at org.apache.maven.surefire.testng.TestNGExecutor.run(TestNGExecutor.java:308)
at org.apache.maven.surefire.testng.TestNGXmlTestSuite.execute(TestNGXmlTestSuite.java:71)
at org.apache.maven.surefire.testng.TestNGProvider.invoke(TestNGProvider.java:113)
at org.apache.maven.surefire.booter.ForkedBooter.runSuitesInProcess(ForkedBooter.java:385)
at org.apache.maven.surefire.booter.ForkedBooter.execute(ForkedBooter.java:162)
at org.apache.maven.surefire.booter.ForkedBooter.run(ForkedBooter.java:507)
at org.apache.maven.surefire.booter.ForkedBooter.main(ForkedBooter.java:495)
]]>
            </full-stacktrace>
          </exception> <!-- org.openqa.selenium.NoSuchElementException -->
          <reporter-output>
          </reporter-output>
        </test-method> <!-- TestCase_005 -->
        <test-method is-config="true" signature="TearDown()[pri:0, instance:TestCase.Login@196a42c3]" started-at="2024-09-23T18:43:32 IST" name="TearDown" finished-at="2024-09-23T18:43:33 IST" duration-ms="340" status="PASS">
          <reporter-output>
          </reporter-output>
        </test-method> <!-- TearDown -->
        <test-method is-config="true" signature="setUp()[pri:0, instance:TestCase.Login@196a42c3]" started-at="2024-09-23T18:43:33 IST" name="setUp" finished-at="2024-09-23T18:43:36 IST" duration-ms="3139" status="PASS">
          <reporter-output>
          </reporter-output>
        </test-method> <!-- setUp -->
        <test-method signature="TestCase_006()[pri:0, instance:TestCase.Login@196a42c3]" started-at="2024-09-23T18:43:36 IST" name="TestCase_006" finished-at="2024-09-23T18:43:38 IST" duration-ms="1601" status="PASS">
          <reporter-output>
          </reporter-output>
        </test-method> <!-- TestCase_006 -->
        <test-method is-config="true" signature="TearDown()[pri:0, instance:TestCase.Login@196a42c3]" started-at="2024-09-23T18:43:38 IST" name="TearDown" finished-at="2024-09-23T18:43:38 IST" duration-ms="320" status="PASS">
          <reporter-output>
          </reporter-output>
        </test-method> <!-- TearDown -->
        <test-method is-config="true" signature="setUp()[pri:0, instance:TestCase.Login@196a42c3]" started-at="2024-09-23T18:43:38 IST" name="setUp" finished-at="2024-09-23T18:43:41 IST" duration-ms="2946" status="PASS">
          <reporter-output>
          </reporter-output>
        </test-method> <!-- setUp -->
        <test-method signature="TestCase_007()[pri:0, instance:TestCase.Login@196a42c3]" started-at="2024-09-23T18:43:41 IST" name="TestCase_007" finished-at="2024-09-23T18:43:47 IST" duration-ms="6664" status="PASS">
          <reporter-output>
          </reporter-output>
        </test-method> <!-- TestCase_007 -->
        <test-method is-config="true" signature="TearDown()[pri:0, instance:TestCase.Login@196a42c3]" started-at="2024-09-23T18:43:47 IST" name="TearDown" finished-at="2024-09-23T18:43:48 IST" duration-ms="292" status="PASS">
          <reporter-output>
          </reporter-output>
        </test-method> <!-- TearDown -->
        <test-method is-config="true" signature="setUp()[pri:0, instance:TestCase.Login@196a42c3]" started-at="2024-09-23T18:43:48 IST" name="setUp" finished-at="2024-09-23T18:43:50 IST" duration-ms="2185" status="PASS">
          <reporter-output>
          </reporter-output>
        </test-method> <!-- setUp -->
        <test-method signature="TestCase_008()[pri:0, instance:TestCase.Login@196a42c3]" started-at="2024-09-23T18:43:50 IST" name="TestCase_008" finished-at="2024-09-23T18:43:52 IST" duration-ms="1631" status="PASS">
          <reporter-output>
          </reporter-output>
        </test-method> <!-- TestCase_008 -->
        <test-method is-config="true" signature="TearDown()[pri:0, instance:TestCase.Login@196a42c3]" started-at="2024-09-23T18:43:52 IST" name="TearDown" finished-at="2024-09-23T18:43:52 IST" duration-ms="310" status="PASS">
          <reporter-output>
          </reporter-output>
        </test-method> <!-- TearDown -->
        <test-method is-config="true" signature="setUp()[pri:0, instance:TestCase.Login@196a42c3]" started-at="2024-09-23T18:43:52 IST" name="setUp" finished-at="2024-09-23T18:43:54 IST" duration-ms="2037" status="PASS">
          <reporter-output>
          </reporter-output>
        </test-method> <!-- setUp -->
        <test-method signature="TestCase_009()[pri:0, instance:TestCase.Login@196a42c3]" started-at="2024-09-23T18:43:54 IST" name="TestCase_009" finished-at="2024-09-23T18:43:55 IST" duration-ms="1599" status="PASS">
          <reporter-output>
          </reporter-output>
        </test-method> <!-- TestCase_009 -->
        <test-method is-config="true" signature="TearDown()[pri:0, instance:TestCase.Login@196a42c3]" started-at="2024-09-23T18:43:55 IST" name="TearDown" finished-at="2024-09-23T18:43:56 IST" duration-ms="303" status="PASS">
          <reporter-output>
          </reporter-output>
        </test-method> <!-- TearDown -->
      </class> <!-- TestCase.Login -->
      <class name="TestCase.CheckOut">
        <test-method is-config="true" signature="setUp()[pri:0, instance:TestCase.CheckOut@4a83a74a]" started-at="2024-09-23T18:44:21 IST" name="setUp" finished-at="2024-09-23T18:44:24 IST" duration-ms="2619" status="PASS">
          <reporter-output>
          </reporter-output>
        </test-method> <!-- setUp -->
        <test-method signature="TestCase_001()[pri:0, instance:TestCase.CheckOut@4a83a74a]" started-at="2024-09-23T18:44:24 IST" name="TestCase_001" finished-at="2024-09-23T18:44:26 IST" duration-ms="2216" status="PASS">
          <reporter-output>
          </reporter-output>
        </test-method> <!-- TestCase_001 -->
        <test-method is-config="true" signature="TearDown()[pri:0, instance:TestCase.CheckOut@4a83a74a]" started-at="2024-09-23T18:44:26 IST" name="TearDown" finished-at="2024-09-23T18:44:26 IST" duration-ms="312" status="PASS">
          <reporter-output>
          </reporter-output>
        </test-method> <!-- TearDown -->
        <test-method is-config="true" signature="setUp()[pri:0, instance:TestCase.CheckOut@4a83a74a]" started-at="2024-09-23T18:44:26 IST" name="setUp" finished-at="2024-09-23T18:44:29 IST" duration-ms="2627" status="PASS">
          <reporter-output>
          </reporter-output>
        </test-method> <!-- setUp -->
        <test-method signature="TestCase_002()[pri:0, instance:TestCase.CheckOut@4a83a74a]" started-at="2024-09-23T18:44:29 IST" name="TestCase_002" finished-at="2024-09-23T18:44:31 IST" duration-ms="2200" status="PASS">
          <reporter-output>
          </reporter-output>
        </test-method> <!-- TestCase_002 -->
        <test-method is-config="true" signature="TearDown()[pri:0, instance:TestCase.CheckOut@4a83a74a]" started-at="2024-09-23T18:44:31 IST" name="TearDown" finished-at="2024-09-23T18:44:31 IST" duration-ms="312" status="PASS">
          <reporter-output>
          </reporter-output>
        </test-method> <!-- TearDown -->
        <test-method is-config="true" signature="setUp()[pri:0, instance:TestCase.CheckOut@4a83a74a]" started-at="2024-09-23T18:44:31 IST" name="setUp" finished-at="2024-09-23T18:44:33 IST" duration-ms="1595" status="PASS">
          <reporter-output>
          </reporter-output>
        </test-method> <!-- setUp -->
        <test-method signature="TestCase_003()[pri:0, instance:TestCase.CheckOut@4a83a74a]" started-at="2024-09-23T18:44:33 IST" name="TestCase_003" finished-at="2024-09-23T18:44:36 IST" duration-ms="3161" status="PASS">
          <reporter-output>
          </reporter-output>
        </test-method> <!-- TestCase_003 -->
        <test-method is-config="true" signature="TearDown()[pri:0, instance:TestCase.CheckOut@4a83a74a]" started-at="2024-09-23T18:44:36 IST" name="TearDown" finished-at="2024-09-23T18:44:36 IST" duration-ms="314" status="PASS">
          <reporter-output>
          </reporter-output>
        </test-method> <!-- TearDown -->
      </class> <!-- TestCase.CheckOut -->
      <class name="TestCase.Product">
        <test-method is-config="true" signature="setUp()[pri:0, instance:TestCase.Product@15043a2f]" started-at="2024-09-23T18:43:56 IST" name="setUp" finished-at="2024-09-23T18:43:58 IST" duration-ms="2047" status="PASS">
          <reporter-output>
          </reporter-output>
        </test-method> <!-- setUp -->
        <test-method signature="TestCase_001()[pri:0, instance:TestCase.Product@15043a2f]" started-at="2024-09-23T18:43:58 IST" name="TestCase_001" finished-at="2024-09-23T18:44:01 IST" duration-ms="2802" status="PASS">
          <reporter-output>
          </reporter-output>
        </test-method> <!-- TestCase_001 -->
        <test-method is-config="true" signature="TearDown()[pri:0, instance:TestCase.Product@15043a2f]" started-at="2024-09-23T18:44:01 IST" name="TearDown" finished-at="2024-09-23T18:44:01 IST" duration-ms="311" status="PASS">
          <reporter-output>
          </reporter-output>
        </test-method> <!-- TearDown -->
        <test-method is-config="true" signature="setUp()[pri:0, instance:TestCase.Product@15043a2f]" started-at="2024-09-23T18:44:01 IST" name="setUp" finished-at="2024-09-23T18:44:03 IST" duration-ms="1565" status="PASS">
          <reporter-output>
          </reporter-output>
        </test-method> <!-- setUp -->
        <test-method signature="TestCase_002()[pri:0, instance:TestCase.Product@15043a2f]" started-at="2024-09-23T18:44:03 IST" name="TestCase_002" finished-at="2024-09-23T18:44:07 IST" duration-ms="4911" status="PASS">
          <reporter-output>
          </reporter-output>
        </test-method> <!-- TestCase_002 -->
        <test-method is-config="true" signature="TearDown()[pri:0, instance:TestCase.Product@15043a2f]" started-at="2024-09-23T18:44:07 IST" name="TearDown" finished-at="2024-09-23T18:44:08 IST" duration-ms="273" status="PASS">
          <reporter-output>
          </reporter-output>
        </test-method> <!-- TearDown -->
        <test-method is-config="true" signature="setUp()[pri:0, instance:TestCase.Product@15043a2f]" started-at="2024-09-23T18:44:08 IST" name="setUp" finished-at="2024-09-23T18:44:11 IST" duration-ms="3358" status="PASS">
          <reporter-output>
          </reporter-output>
        </test-method> <!-- setUp -->
        <test-method signature="TestCase_003()[pri:0, instance:TestCase.Product@15043a2f]" started-at="2024-09-23T18:44:11 IST" name="TestCase_003" finished-at="2024-09-23T18:44:14 IST" duration-ms="2993" status="FAIL">
          <exception class="org.openqa.selenium.NoSuchElementException">
            <message>
              <![CDATA[no such element: Unable to locate element: {"method":"css selector","selector":".shopping_cart_badge"}
  (Session info: chrome=128.0.6613.120)
For documentation on this error, please visit: https://www.selenium.dev/documentation/webdriver/troubleshooting/errors#no-such-element-exception
Build info: version: '4.23.0', revision: '4df0a231af'
System info: os.name: 'Windows 10', os.arch: 'amd64', os.version: '10.0', java.version: '22.0.2'
Driver info: org.openqa.selenium.chrome.ChromeDriver
Command: [ce25f0f4557b3b5167af516a94de90d3, findElement {using=class name, value=shopping_cart_badge}]
Capabilities {acceptInsecureCerts: false, browserName: chrome, browserVersion: 128.0.6613.120, chrome: {chromedriverVersion: 128.0.6613.137 (fe621c5aa2d..., userDataDir: C:\Users\HP\AppData\Local\T...}, fedcm:accounts: true, goog:chromeOptions: {debuggerAddress: localhost:50991}, networkConnectionEnabled: false, pageLoadStrategy: normal, platformName: windows, proxy: Proxy(), se:cdp: ws://localhost:50991/devtoo..., se:cdpVersion: 128.0.6613.120, setWindowRect: true, strictFileInteractability: false, timeouts: {implicit: 0, pageLoad: 300000, script: 30000}, unhandledPromptBehavior: dismiss and notify, webauthn:extension:credBlob: true, webauthn:extension:largeBlob: true, webauthn:extension:minPinLength: true, webauthn:extension:prf: true, webauthn:virtualAuthenticators: true}
Session ID: ce25f0f4557b3b5167af516a94de90d3]]>
            </message>
            <full-stacktrace>
              <![CDATA[org.openqa.selenium.NoSuchElementException: no such element: Unable to locate element: {"method":"css selector","selector":".shopping_cart_badge"}
  (Session info: chrome=128.0.6613.120)
For documentation on this error, please visit: https://www.selenium.dev/documentation/webdriver/troubleshooting/errors#no-such-element-exception
Build info: version: '4.23.0', revision: '4df0a231af'
System info: os.name: 'Windows 10', os.arch: 'amd64', os.version: '10.0', java.version: '22.0.2'
Driver info: org.openqa.selenium.chrome.ChromeDriver
Command: [ce25f0f4557b3b5167af516a94de90d3, findElement {using=class name, value=shopping_cart_badge}]
Capabilities {acceptInsecureCerts: false, browserName: chrome, browserVersion: 128.0.6613.120, chrome: {chromedriverVersion: 128.0.6613.137 (fe621c5aa2d..., userDataDir: C:\Users\HP\AppData\Local\T...}, fedcm:accounts: true, goog:chromeOptions: {debuggerAddress: localhost:50991}, networkConnectionEnabled: false, pageLoadStrategy: normal, platformName: windows, proxy: Proxy(), se:cdp: ws://localhost:50991/devtoo..., se:cdpVersion: 128.0.6613.120, setWindowRect: true, strictFileInteractability: false, timeouts: {implicit: 0, pageLoad: 300000, script: 30000}, unhandledPromptBehavior: dismiss and notify, webauthn:extension:credBlob: true, webauthn:extension:largeBlob: true, webauthn:extension:minPinLength: true, webauthn:extension:prf: true, webauthn:virtualAuthenticators: true}
Session ID: ce25f0f4557b3b5167af516a94de90d3
at java.base/jdk.internal.reflect.DirectConstructorHandleAccessor.newInstance(DirectConstructorHandleAccessor.java:62)
at java.base/java.lang.reflect.Constructor.newInstanceWithCaller(Constructor.java:502)
at java.base/java.lang.reflect.Constructor.newInstance(Constructor.java:486)
at org.openqa.selenium.remote.ErrorCodec.decode(ErrorCodec.java:167)
at org.openqa.selenium.remote.codec.w3c.W3CHttpResponseCodec.decode(W3CHttpResponseCodec.java:138)
at org.openqa.selenium.remote.codec.w3c.W3CHttpResponseCodec.decode(W3CHttpResponseCodec.java:50)
at org.openqa.selenium.remote.HttpCommandExecutor.execute(HttpCommandExecutor.java:190)
at org.openqa.selenium.remote.service.DriverCommandExecutor.invokeExecute(DriverCommandExecutor.java:216)
at org.openqa.selenium.remote.service.DriverCommandExecutor.execute(DriverCommandExecutor.java:174)
at org.openqa.selenium.remote.RemoteWebDriver.execute(RemoteWebDriver.java:527)
at org.openqa.selenium.remote.ElementLocation$ElementFinder$2.findElement(ElementLocation.java:165)
at org.openqa.selenium.remote.ElementLocation.findElement(ElementLocation.java:66)
at org.openqa.selenium.remote.RemoteWebDriver.findElement(RemoteWebDriver.java:357)
at org.openqa.selenium.remote.RemoteWebDriver.findElement(RemoteWebDriver.java:351)
at PageObjectModel.HomePage.GetShoppingItemCount(HomePage.java:38)
at TestCase.Product.TestCase_003(Product.java:62)
at java.base/jdk.internal.reflect.DirectMethodHandleAccessor.invoke(DirectMethodHandleAccessor.java:103)
at java.base/java.lang.reflect.Method.invoke(Method.java:580)
at org.testng.internal.invokers.MethodInvocationHelper.invokeMethod(MethodInvocationHelper.java:141)
at org.testng.internal.invokers.TestInvoker.invokeMethod(TestInvoker.java:686)
at org.testng.internal.invokers.TestInvoker.invokeTestMethod(TestInvoker.java:230)
at org.testng.internal.invokers.MethodRunner.runInSequence(MethodRunner.java:63)
at org.testng.internal.invokers.TestInvoker$MethodInvocationAgent.invoke(TestInvoker.java:992)
at org.testng.internal.invokers.TestInvoker.invokeTestMethods(TestInvoker.java:203)
at org.testng.internal.invokers.TestMethodWorker.invokeTestMethods(TestMethodWorker.java:154)
at org.testng.internal.invokers.TestMethodWorker.run(TestMethodWorker.java:134)
at java.base/java.util.ArrayList.forEach(ArrayList.java:1597)
at org.testng.TestRunner.privateRun(TestRunner.java:739)
at org.testng.TestRunner.run(TestRunner.java:614)
at org.testng.SuiteRunner.runTest(SuiteRunner.java:421)
at org.testng.SuiteRunner.runSequentially(SuiteRunner.java:413)
at org.testng.SuiteRunner.privateRun(SuiteRunner.java:373)
at org.testng.SuiteRunner.run(SuiteRunner.java:312)
at org.testng.SuiteRunnerWorker.runSuite(SuiteRunnerWorker.java:52)
at org.testng.SuiteRunnerWorker.run(SuiteRunnerWorker.java:95)
at org.testng.TestNG.runSuitesSequentially(TestNG.java:1274)
at org.testng.TestNG.runSuitesLocally(TestNG.java:1208)
at org.testng.TestNG.runSuites(TestNG.java:1112)
at org.testng.TestNG.run(TestNG.java:1079)
at org.apache.maven.surefire.testng.TestNGExecutor.run(TestNGExecutor.java:308)
at org.apache.maven.surefire.testng.TestNGXmlTestSuite.execute(TestNGXmlTestSuite.java:71)
at org.apache.maven.surefire.testng.TestNGProvider.invoke(TestNGProvider.java:113)
at org.apache.maven.surefire.booter.ForkedBooter.runSuitesInProcess(ForkedBooter.java:385)
at org.apache.maven.surefire.booter.ForkedBooter.execute(ForkedBooter.java:162)
at org.apache.maven.surefire.booter.ForkedBooter.run(ForkedBooter.java:507)
at org.apache.maven.surefire.booter.ForkedBooter.main(ForkedBooter.java:495)
]]>
            </full-stacktrace>
          </exception> <!-- org.openqa.selenium.NoSuchElementException -->
          <reporter-output>
          </reporter-output>
        </test-method> <!-- TestCase_003 -->
        <test-method is-config="true" signature="TearDown()[pri:0, instance:TestCase.Product@15043a2f]" started-at="2024-09-23T18:44:14 IST" name="TearDown" finished-at="2024-09-23T18:44:14 IST" duration-ms="338" status="PASS">
          <reporter-output>
          </reporter-output>
        </test-method> <!-- TearDown -->
        <test-method is-config="true" signature="setUp()[pri:0, instance:TestCase.Product@15043a2f]" started-at="2024-09-23T18:44:14 IST" name="setUp" finished-at="2024-09-23T18:44:17 IST" duration-ms="2158" status="PASS">
          <reporter-output>
          </reporter-output>
        </test-method> <!-- setUp -->
        <test-method signature="TestCase_004()[pri:0, instance:TestCase.Product@15043a2f]" started-at="2024-09-23T18:44:17 IST" name="TestCase_004" finished-at="2024-09-23T18:44:20 IST" duration-ms="3887" status="PASS">
          <reporter-output>
          </reporter-output>
        </test-method> <!-- TestCase_004 -->
        <test-method is-config="true" signature="TearDown()[pri:0, instance:TestCase.Product@15043a2f]" started-at="2024-09-23T18:44:20 IST" name="TearDown" finished-at="2024-09-23T18:44:21 IST" duration-ms="610" status="PASS">
          <reporter-output>
          </reporter-output>
        </test-method> <!-- TearDown -->
      </class> <!-- TestCase.Product -->
      <class name="TestCase.ProductCart">
        <test-method is-config="true" signature="setUp()[pri:0, instance:TestCase.ProductCart@1349883]" started-at="2024-09-23T18:44:36 IST" name="setUp" finished-at="2024-09-23T18:44:39 IST" duration-ms="2869" status="PASS">
          <reporter-output>
          </reporter-output>
        </test-method> <!-- setUp -->
        <test-method signature="TestCase_001()[pri:0, instance:TestCase.ProductCart@1349883]" started-at="2024-09-23T18:44:39 IST" name="TestCase_001" finished-at="2024-09-23T18:44:41 IST" duration-ms="2114" status="PASS">
          <reporter-output>
          </reporter-output>
        </test-method> <!-- TestCase_001 -->
        <test-method is-config="true" signature="TearDown()[pri:0, instance:TestCase.ProductCart@1349883]" started-at="2024-09-23T18:44:41 IST" name="TearDown" finished-at="2024-09-23T18:44:42 IST" duration-ms="272" status="PASS">
          <reporter-output>
          </reporter-output>
        </test-method> <!-- TearDown -->
        <test-method is-config="true" signature="setUp()[pri:0, instance:TestCase.ProductCart@1349883]" started-at="2024-09-23T18:44:42 IST" name="setUp" finished-at="2024-09-23T18:44:45 IST" duration-ms="3462" status="PASS">
          <reporter-output>
          </reporter-output>
        </test-method> <!-- setUp -->
        <test-method signature="TestCase_002()[pri:0, instance:TestCase.ProductCart@1349883]" started-at="2024-09-23T18:44:45 IST" name="TestCase_002" finished-at="2024-09-23T18:44:47 IST" duration-ms="1831" status="PASS">
          <reporter-output>
          </reporter-output>
        </test-method> <!-- TestCase_002 -->
        <test-method is-config="true" signature="TearDown()[pri:0, instance:TestCase.ProductCart@1349883]" started-at="2024-09-23T18:44:47 IST" name="TearDown" finished-at="2024-09-23T18:44:47 IST" duration-ms="452" status="PASS">
          <reporter-output>
          </reporter-output>
        </test-method> <!-- TearDown -->
        <test-method is-config="true" signature="setUp()[pri:0, instance:TestCase.ProductCart@1349883]" started-at="2024-09-23T18:44:47 IST" name="setUp" finished-at="2024-09-23T18:44:51 IST" duration-ms="3209" status="PASS">
          <reporter-output>
          </reporter-output>
        </test-method> <!-- setUp -->
        <test-method signature="TestCase_003()[pri:0, instance:TestCase.ProductCart@1349883]" started-at="2024-09-23T18:44:51 IST" name="TestCase_003" finished-at="2024-09-23T18:44:53 IST" duration-ms="2052" status="PASS">
          <reporter-output>
          </reporter-output>
        </test-method> <!-- TestCase_003 -->
        <test-method is-config="true" signature="TearDown()[pri:0, instance:TestCase.ProductCart@1349883]" started-at="2024-09-23T18:44:53 IST" name="TearDown" finished-at="2024-09-23T18:44:53 IST" duration-ms="344" status="PASS">
          <reporter-output>
          </reporter-output>
        </test-method> <!-- TearDown -->
      </class> <!-- TestCase.ProductCart -->
    </test> <!-- Test -->
  </suite> <!-- Suite -->
</testng-results>
